
Run     SWR     Gain    F/B     F/R     R-a     X-a     Eff.    %Res.   %Stp  w_diam  

1-0     2.01e6  -0.11   0       0       0.1652  -4079   64.99   0    	0    	5.e-4   
1       2.01e6  -0.11   0       0       0.1651  -4075   65.01   0    	0.1  	5.e-4   
1-1                                                                           0       

2       2.01e6  -0.11   0       -0.01   0.1647  -4063   65.06   0    	0.4  	5.e-4   
2-1                                                                           0       

3       1.98e6  -0.1    0       -0.01   0.1632  -4018   65.27   0.01 	1.6  	5.1e-4  
3-1                                                                           1       

3-2     1.81e6  -0.01   0       -0.01   0.1532  -3723   66.63   0.101	10   	5.5e-4  
3-3     1.61e6  0.09    0       -0.01   0.142   -3381   68.17   0.101	10   	6.1e-4  
3-4     1.42e6  0.18    -0.01   -0.01   0.1314  -3051   69.63   0.091	10   	6.7e-4  
3-5     1.23e6  0.27    0       -0.01   0.1213  -2730   71.03   0.091	10   	7.3e-4  
3-6     1.05e6  0.35    0       -0.01   0.1118  -2422   72.31   0.081	10   	8.1e-4  
3-7     881762  0.42    0       -0.01   0.1027  -2128   73.5    0.07 	10   	8.9e-4  
3-8     728360  0.48    0       -0.01   0.094   -1850   74.57   0.06 	10   	9.7e-4  
3-9     591533  0.53    -0.01   -0.01   0.0857  -1591   75.48   0.05 	10   	1.1e-3  
3-10    472928  0.58    0       0       0.0778  -1355   76.21   0.05 	10   	1.2e-3  
3-11    371784  0.61    0       0       0.0701  -1141   76.71   0.03 	10   	1.3e-3  
3-12    287239  0.62    0       -0.01   0.0629  -948.8  77      0.01 	10   	1.4e-3  
3-13    218116  0.62    0       -0.01   0.0561  -780.4  77.09   0    	10   	1.6e-3  
4       208028  0.63    0       -0.01   0.055   -754.4  77.14   0.01 	1.6  	1.6e-3  
4-1                                                                           1       

4-2     161846  0.63    0       -0.01   0.0497  -632.4  77.3    0.01 	10   	1.7e-3  
4-3     116403  0.64    0       -0.05   0.0441  -504.3  78.04   0.01 	10   	1.9e-3  
4-4     80155   0.72    0       -0.11   0.0396  -395.4  80.68   0.08 	10   	2.1e-3  
4-5     51612   0.93    0       -0.29   0.0368  -304.3  88.22   0.211	10   	2.3e-3  
4-6     29613   1.41    0       -0.66   0.037   -228.6  107.1   0.48 	10   	2.5e-3  
4-7     14397   2.32    0       -1.23   0.0423  -167.1  150.8   0.906	10   	2.8e-3  
4-8     5615.8  4.04    0       -1.69   0.0583  -117.8  249.4   1.697	10   	3.1e-3  
4-9     1559.9  9.45    1.e-2   -1.08   0.1058  -75.82  753.3   5.249	10   	3.4e-3  
4-10    1940.3  1.82    0.03    -7.28   0.0606  -58.13  540.9   -7.03	10   	3.7e-3  
5       1354.4  -4.36   0.1     -12.8   0.0787  -53.17  463.9   -6.13	1.6  	3.8e-3  
5-1                                                                           -1      

5-2     -9.6e5  -99     0       -0.99   -2.e-4  -68.53  0       -100 	2.5  	3.6e-3  
6       1770.6  0.25    0.05    -8.7    0.0643  -56.5   522.6   -1.56	0.5  	3.7e-3  
6-1                                                                           -1      

6-2     2297.9  3.89    0.03    -5.82   0.0529  -59.81  623.5   2.053	0.5  	3.7e-3  
6-3     2906.7  6.35    0.02    -4.4    0.0434  -61.72  792.7   2.39 	0.5  	3.7e-3  
6-4     4007.8  9.15    0.02    -3.2    0.0327  -63.69  1148    2.657	0.5  	3.6e-3  

Run     SWR     Gain    F/B     F/R     R-a     X-a     Eff.    %Res.   %Stp  w_diam  

7-0     4007.8  9.15    0.02    -3.2    0.0327  -63.69  1148    0    	0    	3.6e-3  

Run     SWR     Gain    F/B     F/R     R-a     X-a     Eff.    %Res.   %Stp  w_diam  

8-0     4007.8  9.15    0.02    -3.2    0.0327  -63.69  1148    0    	0    	3.6e-3  

Run     SWR     Gain    F/B     F/R     R-a     X-a     Eff.    %Res.   %Stp  w_diam  

9-0     4007.8  9.15    0.02    -3.2    0.0327  -63.69  1148    0    	0    	3.6e-3  
